<?xml version="1.0" encoding="UTF-8"?>
<!-- Generated by org.testng.reporters.JUnitReportReporter -->
<testsuite skipped="0" hostname="LAPTOP-D2GVCL39" name="selnium.MyFirstMavenProject.AssertsInTestNG.PrioritiesInTestNG" tests="4" failures="0" timestamp="2020-10-02T21:34:43 IST" time="0.015" errors="0">
  <testcase name="B" time="0.011" classname="selnium.MyFirstMavenProject.AssertsInTestNG.PrioritiesInTestNG"/>
  <system-out/>
  <testcase name="D" time="0.002" classname="selnium.MyFirstMavenProject.AssertsInTestNG.PrioritiesInTestNG"/>
  <system-out/>
  <testcase name="C" time="0.001" classname="selnium.MyFirstMavenProject.AssertsInTestNG.PrioritiesInTestNG"/>
  <system-out/>
  <testcase name="A" time="0.001" classname="selnium.MyFirstMavenProject.AssertsInTestNG.PrioritiesInTestNG"/>
  <system-out/>
</testsuite> <!-- selnium.MyFirstMavenProject.AssertsInTestNG.PrioritiesInTestNG -->
