<?xml version="1.0" encoding="UTF-8"?>
<!-- Generated by org.testng.reporters.JUnitReportReporter -->
<testsuite skipped="0" hostname="LAPTOP-D2GVCL39" name="selnium.MyFirstMavenProject.AssertsInTestNG.CCTest" tests="2" failures="0" timestamp="2020-10-02T21:10:47 IST" time="0.016" errors="0">
  <testcase name="sampleMethod2" time="0.002" classname="selnium.MyFirstMavenProject.AssertsInTestNG.CCTest"/>
  <system-out/>
  <testcase name="sampleMethod" time="0.014" classname="selnium.MyFirstMavenProject.AssertsInTestNG.CCTest"/>
  <system-out/>
</testsuite> <!-- selnium.MyFirstMavenProject.AssertsInTestNG.CCTest -->
