<?xml version="1.0" encoding="UTF-8"?>
<!-- Generated by org.testng.reporters.JUnitReportReporter -->
<testsuite skipped="0" hostname="LAPTOP-D2GVCL39" name="regression.InventoryCategoryTest" tests="9" failures="0" timestamp="2022-12-16T20:21:42 IST" time="98.763" errors="0">
  <testcase name="verifyNewCategoryCanBeAddedOnCategoryPage" time="18.363" classname="regression.InventoryCategoryTest"/>
  <system-out/>
  <testcase name="verifySuccessBannerIsDisplayedForNewlyAddedCategory" time="1.018" classname="regression.InventoryCategoryTest"/>
  <system-out/>
  <testcase name="verifyCountIsIncreasedByOneAfterAddigngNewCategory" time="10.065" classname="regression.InventoryCategoryTest"/>
  <system-out/>
  <testcase name="verifyUserCanEditExistingCategory" time="27.555" classname="regression.InventoryCategoryTest"/>
  <system-out/>
  <testcase name="successBannerIsDisplayedForEditedCategory" time="0.506" classname="regression.InventoryCategoryTest"/>
  <system-out/>
  <testcase name="verifyCountIsNotChangedAfterEditingExistingCategory" time="11.866" classname="regression.InventoryCategoryTest"/>
  <system-out/>
  <testcase name="verifyExistingCategoryCanBeDeleted" time="17.244" classname="regression.InventoryCategoryTest"/>
  <system-out/>
  <testcase name="verifySuccessBannerIsDisplayedForDeletedCategory" time="0.255" classname="regression.InventoryCategoryTest"/>
  <system-out/>
  <testcase name="verifyCountIsDecreasedByOneAfterDeletingCategory" time="11.891" classname="regression.InventoryCategoryTest"/>
  <system-out/>
</testsuite> <!-- regression.InventoryCategoryTest -->
