<?xml version="1.0" encoding="UTF-8"?>
<!-- Generated by org.testng.reporters.JUnitReportReporter -->
<testsuite skipped="0" hostname="LAPTOP-D2GVCL39" name="regression.InventoryCategoryTest" tests="9" failures="0" timestamp="2022-10-20T21:42:32 IST" time="32.566" errors="0">
  <testcase name="verifyNewCategoryCanBeAddedOnCategoryPage" time="2.992" classname="regression.InventoryCategoryTest"/>
  <system-out/>
  <testcase name="verifyCountGetsIncreasedAfterAddingNewCategory" time="0.096" classname="regression.InventoryCategoryTest"/>
  <system-out/>
  <testcase name="verifyNewlyAddedCategoryIsDisplayedOnCategoryPage" time="1.093" classname="regression.InventoryCategoryTest"/>
  <system-out/>
  <testcase name="verifyUserCanUpdateExistingCategory" time="2.172" classname="regression.InventoryCategoryTest"/>
  <system-out/>
  <testcase name="verifyCountWillNotChangeAfterEditingNewCategory" time="0.044" classname="regression.InventoryCategoryTest"/>
  <system-out/>
  <testcase name="verifyUpdatedCategoryIsDisplayedOnCategoryPage" time="12.290" classname="regression.InventoryCategoryTest"/>
  <system-out/>
  <testcase name="verifyUserCanDeleteExistingCategoryFromCategoryPage" time="2.314" classname="regression.InventoryCategoryTest"/>
  <system-out/>
  <testcase name="verifyCountOfRecordsWillGetReducedAfterDeletingCategory" time="0.053" classname="regression.InventoryCategoryTest"/>
  <system-out/>
  <testcase name="verifyDeletedCategoryIsNotDisplayedOnCategoryPage" time="11.512" classname="regression.InventoryCategoryTest"/>
  <system-out/>
</testsuite> <!-- regression.InventoryCategoryTest -->
