<?xml version="1.0" encoding="UTF-8"?>
<!-- Generated by org.testng.reporters.JUnitReportReporter -->
<testsuite skipped="0" hostname="LAPTOP-D2GVCL39" name="selnium.MyFirstMavenProject.AnnotationsInTestNG" tests="2" failures="0" timestamp="2020-10-01T19:05:42 IST" time="0.007" errors="0">
  <testcase name="verifylogin2" time="0.005" classname="selnium.MyFirstMavenProject.AnnotationsInTestNG"/>
  <system-out/>
  <testcase name="verifylogin1" time="0.002" classname="selnium.MyFirstMavenProject.AnnotationsInTestNG"/>
  <system-out/>
</testsuite> <!-- selnium.MyFirstMavenProject.AnnotationsInTestNG -->
