<?xml version="1.0" encoding="UTF-8"?>
<!-- Generated by org.testng.reporters.JUnitReportReporter -->
<testsuite skipped="0" hostname="LAPTOP-D2GVCL39" name="selnium.MyFirstMavenProject.dataProvider" tests="4" failures="0" timestamp="2020-10-02T19:53:46 IST" time="0.017" errors="0">
  <testcase name="m1" time="0.011" classname="selnium.MyFirstMavenProject.dataProvider"/>
  <system-out/>
  <testcase name="m1" time="0.002" classname="selnium.MyFirstMavenProject.dataProvider"/>
  <system-out/>
  <testcase name="m1" time="0.001" classname="selnium.MyFirstMavenProject.dataProvider"/>
  <system-out/>
  <testcase name="m1" time="0.003" classname="selnium.MyFirstMavenProject.dataProvider"/>
  <system-out/>
</testsuite> <!-- selnium.MyFirstMavenProject.dataProvider -->
