<?xml version="1.0" encoding="UTF-8"?>
<!-- Generated by org.testng.reporters.JUnitReportReporter -->
<testsuite skipped="0" hostname="LAPTOP-D2GVCL39" name="KTCTC.regression.WebTablesTest" tests="6" failures="0" timestamp="2022-07-25T16:50:47 IST" time="21.441" errors="0">
  <testcase name="verifyUserCanNavigateToWebTablePage" time="0.941" classname="KTCTC.regression.WebTablesTest"/>
  <system-out/>
  <testcase name="verifyNewUserCanBeAddedOnWebTablePage" time="4.624" classname="KTCTC.regression.WebTablesTest"/>
  <system-out/>
  <testcase name="verifyAllDetailsOfNewlyAddedUser" time="0.824" classname="KTCTC.regression.WebTablesTest"/>
  <system-out/>
  <testcase name="verifyExistingUserCanBeEdited" time="3.517" classname="KTCTC.regression.WebTablesTest"/>
  <system-out/>
  <testcase name="verifyAllDetailsOfEditedUser" time="0.641" classname="KTCTC.regression.WebTablesTest"/>
  <system-out/>
  <testcase name="verifyExistringUserCanBeDeleted" time="10.894" classname="KTCTC.regression.WebTablesTest"/>
  <system-out/>
</testsuite> <!-- KTCTC.regression.WebTablesTest -->
