<?xml version="1.0" encoding="UTF-8"?>
<!-- Generated by org.testng.reporters.JUnitReportReporter -->
<testsuite skipped="0" hostname="LAPTOP-D2GVCL39" name="selnium.MyFirstMavenProject.A" tests="2" failures="0" timestamp="2020-10-01T21:34:01 IST" time="0.011" errors="0">
  <testcase name="Method1FromA" time="0.006" classname="selnium.MyFirstMavenProject.A"/>
  <system-out/>
  <testcase name="Method2FromA" time="0.005" classname="selnium.MyFirstMavenProject.A"/>
  <system-out/>
</testsuite> <!-- selnium.MyFirstMavenProject.A -->
