<?xml version="1.0" encoding="UTF-8"?>
<!-- Generated by org.testng.reporters.JUnitReportReporter -->
<testsuite skipped="0" hostname="LAPTOP-D2GVCL39" name="selnium.MyFirstMavenProject.B" tests="2" failures="0" timestamp="2020-10-01T21:34:01 IST" time="0.012" errors="0">
  <testcase name="Method2FromB" time="0.006" classname="selnium.MyFirstMavenProject.B"/>
  <system-out/>
  <testcase name="Method1FromB" time="0.006" classname="selnium.MyFirstMavenProject.B"/>
  <system-out/>
</testsuite> <!-- selnium.MyFirstMavenProject.B -->
