<?xml version="1.0" encoding="UTF-8"?>
<!-- Generated by org.testng.reporters.JUnitReportReporter -->
<testsuite skipped="0" hostname="LAPTOP-D2GVCL39" name="selnium.MyFirstMavenProject.AnnotationsInTestNG2" tests="2" failures="0" timestamp="2020-10-01T19:05:42 IST" time="0.013" errors="0">
  <testcase name="verifylogin22" time="0.003" classname="selnium.MyFirstMavenProject.AnnotationsInTestNG2"/>
  <system-out/>
  <testcase name="verifylogin12" time="0.010" classname="selnium.MyFirstMavenProject.AnnotationsInTestNG2"/>
  <system-out/>
</testsuite> <!-- selnium.MyFirstMavenProject.AnnotationsInTestNG2 -->
