<?xml version="1.0" encoding="UTF-8"?>
<!-- Generated by org.testng.reporters.JUnitReportReporter -->
<testsuite skipped="0" hostname="LAPTOP-D2GVCL39" name="selnium.MyFirstMavenProject.ATest" tests="2" failures="0" timestamp="2020-10-02T19:56:31 IST" time="0.010" errors="0">
  <testcase name="Method2FromA" time="0.002" classname="selnium.MyFirstMavenProject.ATest"/>
  <system-out/>
  <testcase name="Method1FromA" time="0.008" classname="selnium.MyFirstMavenProject.ATest"/>
  <system-out/>
</testsuite> <!-- selnium.MyFirstMavenProject.ATest -->
