<?xml version="1.0" encoding="UTF-8"?>
<!-- Generated by org.testng.reporters.JUnitReportReporter -->
<testsuite skipped="0" hostname="LAPTOP-D2GVCL39" name="regression.Sample" tests="1" failures="0" timestamp="2022-07-26T19:14:27 IST" time="0.045" errors="0">
  <testcase name="sample" time="0.045" classname="regression.Sample"/>
  <system-out/>
</testsuite> <!-- regression.Sample -->
